# JRE version: Java(TM) SE Runtime Environment (8.0_91-b14) (build 1.8.0_91-b14)
# Java VM: Java HotSpot(TM) 64-Bit Server VM (25.91-b14 mixed mode windows-amd64 compressed oops)
Heap:
 PSYoungGen      total 245248K, used 153742K [0x00000000eb780000, 0x00000000ffd00000, 0x0000000100000000)
  eden space 193024K, 54% used [0x00000000eb780000,0x00000000f1ddbf10,0x00000000f7400000)
  from space 52224K, 93% used [0x00000000fac80000,0x00000000fdc47a38,0x00000000fdf80000)
  to   space 57856K, 0% used [0x00000000f7400000,0x00000000f7400000,0x00000000fac80000)
 ParOldGen       total 124928K, used 45125K [0x00000000c2600000, 0x00000000ca000000, 0x00000000eb780000)
  object space 124928K, 36% used [0x00000000c2600000,0x00000000c52117c0,0x00000000ca000000)
 Metaspace       used 92166K, capacity 93804K, committed 94336K, reserved 1132544K
  class space    used 11319K, capacity 11792K, committed 11904K, reserved 1048576K
GC Heap History (10 events):
Event: 836.531 GC heap before
{Heap before GC invocations=31 (full 3):
 PSYoungGen      total 195584K, used 193492K [0x00000000eb780000, 0x00000000fb380000, 0x0000000100000000)
  eden space 154624K, 100% used [0x00000000eb780000,0x00000000f4e80000,0x00000000f4e80000)
  from space 40960K, 94% used [0x00000000f4e80000,0x00000000f7475248,0x00000000f7680000)
  to   space 45568K, 0% used [0x00000000f8700000,0x00000000f8700000,0x00000000fb380000)
 ParOldGen       total 124928K, used 45093K [0x00000000c2600000, 0x00000000ca000000, 0x00000000eb780000)
  object space 124928K, 36% used [0x00000000c2600000,0x00000000c52097c0,0x00000000ca000000)
 Metaspace       used 80275K, capacity 81808K, committed 82304K, reserved 1122304K
  class space    used 9670K, capacity 10106K, committed 10112K, reserved 1048576K
Event: 836.914 GC heap after
Heap after GC invocations=31 (full 3):
 PSYoungGen      total 211456K, used 32201K [0x00000000eb780000, 0x00000000fba80000, 0x0000000100000000)
  eden space 165888K, 0% used [0x00000000eb780000,0x00000000eb780000,0x00000000f5980000)
  from space 45568K, 70% used [0x00000000f8700000,0x00000000fa6726a0,0x00000000fb380000)
  to   space 46592K, 0% used [0x00000000f5980000,0x00000000f5980000,0x00000000f8700000)
 ParOldGen       total 124928K, used 45101K [0x00000000c2600000, 0x00000000ca000000, 0x00000000eb780000)
  object space 124928K, 36% used [0x00000000c2600000,0x00000000c520b7c0,0x00000000ca000000)
 Metaspace       used 80275K, capacity 81808K, committed 82304K, reserved 1122304K
  class space    used 9670K, capacity 10106K, committed 10112K, reserved 1048576K
}
Event: 846.215 GC heap before
{Heap before GC invocations=32 (full 3):
 PSYoungGen      total 211456K, used 198082K [0x00000000eb780000, 0x00000000fba80000, 0x0000000100000000)
  eden space 165888K, 99% used [0x00000000eb780000,0x00000000f597e2a0,0x00000000f5980000)
  from space 45568K, 70% used [0x00000000f8700000,0x00000000fa6726a0,0x00000000fb380000)
  to   space 46592K, 0% used [0x00000000f5980000,0x00000000f5980000,0x00000000f8700000)
 ParOldGen       total 124928K, used 45101K [0x00000000c2600000, 0x00000000ca000000, 0x00000000eb780000)
  object space 124928K, 36% used [0x00000000c2600000,0x00000000c520b7c0,0x00000000ca000000)
 Metaspace       used 82034K, capacity 83516K, committed 83968K, reserved 1122304K
  class space    used 9930K, capacity 10372K, committed 10496K, reserved 1048576K
Event: 846.386 GC heap after
Heap after GC invocations=32 (full 3):
 PSYoungGen      total 212480K, used 34043K [0x00000000eb780000, 0x00000000fca00000, 0x0000000100000000)
  eden space 165888K, 0% used [0x00000000eb780000,0x00000000eb780000,0x00000000f5980000)
  from space 46592K, 73% used [0x00000000f5980000,0x00000000f7abee30,0x00000000f8700000)
  to   space 48640K, 0% used [0x00000000f9a80000,0x00000000f9a80000,0x00000000fca00000)
 ParOldGen       total 124928K, used 45109K [0x00000000c2600000, 0x00000000ca000000, 0x00000000eb780000)
  object space 124928K, 36% used [0x00000000c2600000,0x00000000c520d7c0,0x00000000ca000000)
 Metaspace       used 82034K, capacity 83516K, committed 83968K, reserved 1122304K
  class space    used 9930K, capacity 10372K, committed 10496K, reserved 1048576K
}
Event: 848.696 GC heap before
{Heap before GC invocations=33 (full 3):
 PSYoungGen      total 212480K, used 199931K [0x00000000eb780000, 0x00000000fca00000, 0x0000000100000000)
  eden space 165888K, 100% used [0x00000000eb780000,0x00000000f5980000,0x00000000f5980000)
  from space 46592K, 73% used [0x00000000f5980000,0x00000000f7abee30,0x00000000f8700000)
  to   space 48640K, 0% used [0x00000000f9a80000,0x00000000f9a80000,0x00000000fca00000)
 ParOldGen       total 124928K, used 45109K [0x00000000c2600000, 0x00000000ca000000, 0x00000000eb780000)
  object space 124928K, 36% used [0x00000000c2600000,0x00000000c520d7c0,0x00000000ca000000)
 Metaspace       used 82250K, capacity 83758K, committed 84224K, reserved 1122304K
  class space    used 9969K, capacity 10410K, committed 10496K, reserved 1048576K
Event: 848.837 GC heap after
Heap after GC invocations=33 (full 3):
 PSYoungGen      total 228352K, used 42892K [0x00000000eb780000, 0x00000000fd480000, 0x0000000100000000)
  eden space 179712K, 0% used [0x00000000eb780000,0x00000000eb780000,0x00000000f6700000)
  from space 48640K, 88% used [0x00000000f9a80000,0x00000000fc4632f8,0x00000000fca00000)
  to   space 52736K, 0% used [0x00000000f6700000,0x00000000f6700000,0x00000000f9a80000)
 ParOldGen       total 124928K, used 45109K [0x00000000c2600000, 0x00000000ca000000, 0x00000000eb780000)
  object space 124928K, 36% used [0x00000000c2600000,0x00000000c520d7c0,0x00000000ca000000)
 Metaspace       used 82250K, capacity 83758K, committed 84224K, reserved 1122304K
  class space    used 9969K, capacity 10410K, committed 10496K, reserved 1048576K
}
Event: 3535.513 GC heap before
{Heap before GC invocations=34 (full 3):
 PSYoungGen      total 228352K, used 222604K [0x00000000eb780000, 0x00000000fd480000, 0x0000000100000000)
  eden space 179712K, 100% used [0x00000000eb780000,0x00000000f6700000,0x00000000f6700000)
  from space 48640K, 88% used [0x00000000f9a80000,0x00000000fc4632f8,0x00000000fca00000)
  to   space 52736K, 0% used [0x00000000f6700000,0x00000000f6700000,0x00000000f9a80000)
 ParOldGen       total 124928K, used 45109K [0x00000000c2600000, 0x00000000ca000000, 0x00000000eb780000)
  object space 124928K, 36% used [0x00000000c2600000,0x00000000c520d7c0,0x00000000ca000000)
 Metaspace       used 89320K, capacity 90864K, committed 91392K, reserved 1128448K
  class space    used 10934K, capacity 11395K, committed 11520K, reserved 1048576K
Event: 3537.195 GC heap after
Heap after GC invocations=34 (full 3):
 PSYoungGen      total 232448K, used 31712K [0x00000000eb780000, 0x00000000fdf80000, 0x0000000100000000)
  eden space 179712K, 0% used [0x00000000eb780000,0x00000000eb780000,0x00000000f6700000)
  from space 52736K, 60% used [0x00000000f6700000,0x00000000f85f8258,0x00000000f9a80000)
  to   space 52224K, 0% used [0x00000000fac80000,0x00000000fac80000,0x00000000fdf80000)
 ParOldGen       total 124928K, used 45117K [0x00000000c2600000, 0x00000000ca000000, 0x00000000eb780000)
  object space 124928K, 36% used [0x00000000c2600000,0x00000000c520f7c0,0x00000000ca000000)
 Metaspace       used 89320K, capacity 90864K, committed 91392K, reserved 1128448K
  class space    used 10934K, capacity 11395K, committed 11520K, reserved 1048576K
}
Event: 3540.034 GC heap before
{Heap before GC invocations=35 (full 3):
 PSYoungGen      total 232448K, used 211424K [0x00000000eb780000, 0x00000000fdf80000, 0x0000000100000000)
  eden space 179712K, 100% used [0x00000000eb780000,0x00000000f6700000,0x00000000f6700000)
  from space 52736K, 60% used [0x00000000f6700000,0x00000000f85f8258,0x00000000f9a80000)
  to   space 52224K, 0% used [0x00000000fac80000,0x00000000fac80000,0x00000000fdf80000)
 ParOldGen       total 124928K, used 45117K [0x00000000c2600000, 0x00000000ca000000, 0x00000000eb780000)
  object space 124928K, 36% used [0x00000000c2600000,0x00000000c520f7c0,0x00000000ca000000)
 Metaspace       used 89324K, capacity 90868K, committed 91392K, reserved 1128448K
  class space    used 10934K, capacity 11395K, committed 11520K, reserved 1048576K
Event: 3541.688 GC heap after
Heap after GC invocations=35 (full 3):
 PSYoungGen      total 245248K, used 48926K [0x00000000eb780000, 0x00000000ffd00000, 0x0000000100000000)
  eden space 193024K, 0% used [0x00000000eb780000,0x00000000eb780000,0x00000000f7400000)
  from space 52224K, 93% used [0x00000000fac80000,0x00000000fdc47a38,0x00000000fdf80000)
  to   space 57856K, 0% used [0x00000000f7400000,0x00000000f7400000,0x00000000fac80000)
 ParOldGen       total 124928K, used 45125K [0x00000000c2600000, 0x00000000ca000000, 0x00000000eb780000)
  object space 124928K, 36% used [0x00000000c2600000,0x00000000c52117c0,0x00000000ca000000)
 Metaspace       used 89324K, capacity 90868K, committed 91392K, reserved 1128448K
  class space    used 10934K, capacity 11395K, committed 11520K, reserved 1048576K
}

